# $Id: msvc_static_order.lst 92057 2010-09-27 14:52:00Z johnnyw $
#
# This file lists the project files that must be build first in a static
# build using msvc_static_compile.pl

ace/ace
ace/ACE_ETCL
ace/ACE_ETCL_Parser
ace/MonitorControl/MonitorControl
Kokyu/Kokyu
ACEXML/parser/parser/ACEXML_Parser
ACEXML/common/ACEXML
apps/gperf/src/gperf
TAO/TAO_IDL/TAO_IDL_BE
TAO/TAO_IDL/TAO_IDL_FE
TAO/TAO_IDL/TAO_IDL_EXE
TAO/tao/TAO
TAO/tao/AnyTypeCode
TAO/tao/CodecFactory
TAO/tao/Codeset
TAO/tao/PI
TAO/tao/PortableServer
TAO/tao/PI_Server
TAO/tao/Valuetype
TAO/tao/ObjRefTemplate
TAO/tao/IORInterceptor
TAO/tao/DynamicAny
TAO/tao/IORManipulation
TAO/tao/IORTable
TAO/tao/Messaging
TAO/tao/DynamicInterface
TAO/tao/Strategies
TAO/tao/RTCORBA
TAO/tao/RTPortableServer
TAO/tao/Utils
TAO/tao/TAO_Utils
TAO/tao/RTScheduler
TAO/tao/IFR_Client
TAO/tao/TypeCodeFactory
TAO/tao/ImR_Client
TAO/tao/CSD_Framework
TAO/tao/CSD_ThreadPool
TAO/tao/TC
TAO/tao/DiffServPolicy
TAO/tao/Monitor
TAO/orbsvcs/orbsvcs/Svc_Utils
TAO/orbsvcs/orbsvcs/CosNaming_IDL
TAO/orbsvcs/orbsvcs/CosNaming
TAO/orbsvcs/orbsvcs/CosNaming_Skel
TAO/orbsvcs/orbsvcs/CosNaming_Serv
TAO/orbsvcs/orbsvcs/CosProperty_IDL
TAO/orbsvcs/orbsvcs/CosProperty
TAO/orbsvcs/orbsvcs/CosProperty_Skel
TAO/orbsvcs/orbsvcs/CosProperty_Serv
TAO/orbsvcs/orbsvcs/CosTrading_IDL
TAO/orbsvcs/orbsvcs/CosTrading
TAO/orbsvcs/orbsvcs/CosTrading_Skel
TAO/orbsvcs/orbsvcs/CosTrading_Serv
TAO/orbsvcs/orbsvcs/HTIOP
TAO/orbsvcs/orbsvcs/AV
TAO/orbsvcs/orbsvcs/ETCL
TAO/orbsvcs/orbsvcs/RTCosScheduling
TAO/orbsvcs/orbsvcs/RTEvent
TAO/orbsvcs/orbsvcs/RTEvent_Skel
TAO/orbsvcs/orbsvcs/RTEvent_Serv
TAO/orbsvcs/orbsvcs/RTSched
TAO/orbsvcs/orbsvcs/RTSchedEvent
TAO/orbsvcs/orbsvcs/CosEvent_IDL
TAO/orbsvcs/orbsvcs/CosEvent
TAO/orbsvcs/orbsvcs/CosEvent_Skel
TAO/orbsvcs/orbsvcs/CosEvent_Serv
TAO/orbsvcs/orbsvcs/RTKokyuEvent
TAO/orbsvcs/orbsvcs/CosConcurrency_IDL
TAO/orbsvcs/orbsvcs/CosConcurrency
TAO/orbsvcs/orbsvcs/CosConcurrency_Skel
TAO/orbsvcs/orbsvcs/CosConcurrency_Serv
TAO/orbsvcs/orbsvcs/CosLifeCycle
TAO/orbsvcs/orbsvcs/CosTime
TAO/orbsvcs/orbsvcs/CosNotification_IDL
TAO/orbsvcs/orbsvcs/CosNotification
TAO/orbsvcs/orbsvcs/CosNotification_Skel
TAO/orbsvcs/orbsvcs/CosNotification_Serv
TAO/orbsvcs/orbsvcs/CosNotification_Persist
TAO/orbsvcs/orbsvcs/DsLogAdmin_IDL
TAO/orbsvcs/orbsvcs/DsLogAdmin
TAO/orbsvcs/orbsvcs/DsLogAdmin_Skel
TAO/orbsvcs/orbsvcs/DsLogAdmin_Serv
TAO/orbsvcs/orbsvcs/DsEventLogAdmin_IDL
TAO/orbsvcs/orbsvcs/DsEventLogAdmin
TAO/orbsvcs/orbsvcs/DsEventLogAdmin_Skel
TAO/orbsvcs/orbsvcs/DsEventLogAdmin_Serv
TAO/orbsvcs/orbsvcs/DsNotifyLogAdmin_IDL
TAO/orbsvcs/orbsvcs/DsNotifyLogAdmin
TAO/orbsvcs/orbsvcs/DsNotifyLogAdmin_Skel
TAO/orbsvcs/orbsvcs/DsNotifyLogAdmin_Serv
TAO/orbsvcs/orbsvcs/PortableGroup
TAO/orbsvcs/orbsvcs/FTORB_Utils
TAO/orbsvcs/orbsvcs/FT_ClientORB
TAO/orbsvcs/orbsvcs/FT_ServerORB
TAO/orbsvcs/orbsvcs/FtRtEvent
TAO/orbsvcs/orbsvcs/FaultTolerance
TAO/orbsvcs/orbsvcs/CosLoadBalancing
TAO/orbsvcs/orbsvcs/IFRService
TAO/orbsvcs/orbsvcs/RTCORBAEvent
TAO/orbsvcs/orbsvcs/RT_Notification
TAO/orbsvcs/orbsvcs/RTEventLogAdmin_IDL
TAO/orbsvcs/orbsvcs/RTEventLogAdmin
TAO/orbsvcs/orbsvcs/RTEventLogAdmin_Skel
TAO/orbsvcs/orbsvcs/RTEventLogAdmin_Serv
TAO/orbsvcs/orbsvcs/Security
TAO/orbsvcs/Naming_Service/Naming_Service
TAO/orbsvcs/ImplRepo_Service/ImR_Activator_IDL
TAO/orbsvcs/ImplRepo_Service/ImR_Locator_IDL
TAO/orbsvcs/ImplRepo_Service/ImR_Activator
TAO/orbsvcs/ImplRepo_Service/ImR_Activator_Service
TAO/orbsvcs/ImplRepo_Service/ImR_Locator
TAO/orbsvcs/ImplRepo_Service/ImR_Locator_Service
TAO/orbsvcs/ImplRepo_Service/tao_imr
TAO/orbsvcs/FT_ReplicationManager/FT_ReplicationManager_Lib
TAO/orbsvcs/orbsvcs/FTRT_ClientORB
TAO/orbsvcs/tests/Concurrency/CC_client
TAO/orbsvcs/tests/Event/lib/Event_Test_Lib
TAO/orbsvcs/tests/Event/Mcast/Common/ECMcastTests_lib
TAO/orbsvcs/tests/Trading/Trading_Test_Lib
TAO/orbsvcs/examples/CosEC/RtEC_Based/lib/CosEC_RtEC_Based_lib
TAO/orbsvcs/performance-tests/RTEvent/lib/RTEC_Perf
TAO/tests/CSD_Strategy_Tests/TP_Common/CSD_TP_Test_Lib
TAO/tests/Smart_Proxies/Collocation/SP_Collocation_Idl
TAO/tests/Smart_Proxies/Collocation/SP_Collocation_TestStubsLib
TAO/tests/Collocation/Collocation_Idl
TAO/tests/Collocation/Collocation_Test_Stub
TAO/tests/Collocation/Collocation_Diamond
TAO/tests/ORB_Local_Config/Two_DLL_ORB/Two_DLL_ORB_Idl
TAO/tests/TransportCurrent/lib/Current_Test_Lib_Idl
TAO/tests/TransportCurrent/lib/Current_Test_Lib_Client
TAO/tests/TransportCurrent/lib/Current_Test_Lib_Server
TAO/examples/POA/Generic_Servant/POA_Generic_Servant_Lib
TAO/examples/Simple/time-date/Simple_Time_Date_Lib
TAO/docs/tutorials/Quoter/idl/Quoter_Idl_Lib
TAO/performance-tests/RTCorba/Multiple_Endpoints/Common/RTCORBA_Common
TAO/examples/RTScheduling/Job
TAO/examples/RTScheduling/RTSchedSynch
TAO/examples/RTScheduling/RTSchedTestLib
tests/Test_Output
tests/DLL_Test_Parent
TAO/tests/CSD_Strategy_Tests/TP_Common/CSD_TP_Test_Lib
performance-tests/Synch-Benchmarks/Synch_Lib/Synch_Lib
examples/Service_Configurator/Misc/Service_Configurator_Misc_Timer
examples/Timer_Queue/Timer_Queue_Library
ASNMP/asnmp/asnmp_lib
netsvcs/lib/netsvcs
netsvcs/clients/Naming/Client/Netsvsc_Client_Test_Lib
netsvcs/clients/Naming/Dump_Restore/Netsvcs_Dump_Restore_Lib
websvcs/lib/websvcs
protocols/ace/HTBP/HTBP
protocols/ace/RMCast/RMCast
protocols/ace/TMCast/TMCast
TAO/CIAO/CCF/CCF/CIDL/CIDL
TAO/CIAO/CCF/CCF/CodeGenerationKit/CodeGenerationKit
TAO/CIAO/CCF/CCF/CompilerElements/CompilerElements
TAO/CIAO/CCF/CCF/IDL2/IDL2
TAO/CIAO/CCF/CCF/IDL3/IDL3
TAO/CIAO/CIDLC/CIDLC
TAO/CIAO/ciao/CIAO_Client
TAO/CIAO/ciao/CIAO_Container
TAO/CIAO/ciaosvcs/Events/CIAO_Events_Base/CIAO_Events_Base
TAO/DAnCE/Deployment/Deployment_stub
TAO/CIAO/ciaosvcs/Events/CIAO_RTEC/CIAO_RTEvent
TAO/CIAO/ciaosvcs/Events/CIAO_Events
TAO/DAnCE/Deployment/Deployment_svnt
TAO/DAnCE/Interfaces/ExecutionManager_stub
TAO/DAnCE/DomainApplicationManager/DomainApplicationManager
TAO/CIAO/ciao/CIAO_Server
TAO/DAnCE/ExecutionManager/ExecutionManager
TAO/DAnCE/Interfaces/NodeManager_stub
TAO/DAnCE/NodeApplication/Config_Manager
TAO/DAnCE/NodeApplication/NodeApp_Configurator
TAO/DAnCE/NodeApplication/NA_Configurator
TAO/DAnCE/NodeApplication/NoOp_Configurator
TAO/DAnCE/NodeApplication/NodeApplicationLib
TAO/DAnCE/NodeApplication/NodeApplication
TAO/DAnCE/NodeApplication/RTNA_Configurator
TAO/DAnCE/TargetManager/CIAO_TargetManager_stub
TAO/DAnCE/NodeApplicationManager/NodeApplicationManager
TAO/DAnCE/NodeManager/Monitor_Monitorlib
TAO/DAnCE/NodeManager/NodeManager_svnt
TAO/DAnCE/NodeManager/NodeManager
TAO/CIAO/tools/Config_Handlers/XSC_XML_Generation
TAO/CIAO/tools/Config_Handlers/XSC_XML_Handlers
TAO/CIAO/tools/Config_Handlers/Utils/CIAO_XML_Utils
TAO/CIAO/tools/Config_Handlers/XSC_DynAny_Handler
TAO/CIAO/tools/Config_Handlers/XSC_Config_Handlers_Common
TAO/CIAO/tools/Config_Handlers/CIAO_Events/CIAO_Events_XML_Generation
TAO/CIAO/tools/Config_Handlers/CIAO_Events/CIAO_Events_Handlers
TAO/CIAO/tools/Config_Handlers/RT-CCM/RT_CCM_XML_Generation
TAO/CIAO/tools/Config_Handlers/RT-CCM/RT_CCM_Config_Handlers
TAO/CIAO/tools/Config_Handlers/XSC_Config_Handlers
TAO/CIAO/tools/Config_Handlers/Package_Handlers/Package_Config_Handlers
TAO/DAnCE/RepositoryManager/RepositoryManager
TAO/DAnCE/Plan_Generator/Plan_Generator
TAO/DAnCE/Utils/DAnCE_Utils
TAO/DAnCE/Plan_Launcher/Plan_Launcher_Impl
TAO/DAnCE/Plan_Launcher/Plan_Launcher
TAO/DAnCE/RepositoryManager/RMAdmin
TAO/DAnCE/StaticConfigurator/StaticDAnCEParser
TAO/DAnCE/TargetManager/CIAO_TargetManager_svnt
TAO/DAnCE/TargetManager/CIAO_TargetManager_exec
TAO/DAnCE/TargetManager/TMClient
TAO/DAnCE/tests/NodeApplicationTest/NodeAppTest_RoundTrip_stub
TAO/DAnCE/tests/NodeApplicationTest/NodeAppTest_RoundTrip_svnt
TAO/DAnCE/tests/NodeApplicationTest/NodeAppTest_RoundTrip_exec
TAO/DAnCE/tests/NodeApplicationTest/NodeAppTest_client
TAO/DAnCE/tests/NodeApplicationTest/NodeAppTest_client_dynamic
TAO/DAnCE/tests/NodeApplicationTest/NodeAppTest_client_ex
TAO/DAnCE/tests/NodeApplicationTest/NodeAppTest_client_simple
TAO/bin/PerlCIAO/PerlCIAO
TAO/CIAO/docs/tutorials/Quoter/Simple/Stock_Base/Stock_Base_idl_gen
TAO/CIAO/docs/tutorials/Quoter/Simple/Stock_Base/Stock_Base_stub
TAO/CIAO/docs/tutorials/Quoter/Simple/Stock_Base/Stock_Base_skel
TAO/CIAO/docs/tutorials/Quoter/Simple/Stock_Base/Stock_Base_StockBroker_idl_gen
TAO/CIAO/docs/tutorials/Quoter/Simple/Stock_Base/Stock_Base_StockBroker_cidl_gen
TAO/CIAO/docs/tutorials/Quoter/Simple/Stock_Base/Stock_Base_StockBroker_stub
TAO/CIAO/docs/tutorials/Quoter/Simple/Stock_Base/Stock_Base_StockBroker_exec
TAO/CIAO/docs/tutorials/Quoter/Simple/Stock_Base/Stock_Base_StockBroker_svnt
TAO/CIAO/docs/tutorials/Quoter/Simple/Stock_Base/Stock_Base_StockBrokerDriver
TAO/CIAO/docs/tutorials/Quoter/Simple/Stock_Base/Stock_Base_StockDistributor_idl_gen
TAO/CIAO/docs/tutorials/Quoter/Simple/Stock_Base/Stock_Base_StockDistributor_cidl_gen
TAO/CIAO/docs/tutorials/Quoter/Simple/Stock_Base/Stock_Base_StockDistributor_stub
TAO/CIAO/docs/tutorials/Quoter/Simple/Stock_Base/Stock_Base_StockDistributor_exec
TAO/CIAO/docs/tutorials/Quoter/Simple/Stock_Base/Stock_Base_StockDistributor_svnt
TAO/CIAO/docs/tutorials/Quoter/Simple/Stock_Base/Stock_Base_StockDistributorDriver
TAO/CIAO/examples/BasicSP/BasicSP_lem_gen
TAO/CIAO/examples/BasicSP/BasicSP_stub_gen
TAO/CIAO/examples/BasicSP/BasicSP_stub
TAO/CIAO/examples/BasicSP/BasicSP_exec
TAO/CIAO/examples/BasicSP/BMClosedED/BMClosedED_lem_gen
TAO/CIAO/examples/BasicSP/BMClosedED/BMClosedED_stub_gen
TAO/CIAO/examples/BasicSP/BMClosedED/BMClosedED_stub
TAO/CIAO/examples/BasicSP/BMClosedED/BMClosedED_exec
TAO/CIAO/examples/BasicSP/BasicSP_svnt
TAO/CIAO/examples/BasicSP/BMClosedED/BMClosedED_svnt
TAO/CIAO/examples/BasicSP/BMDevice/BMDevice_lem_gen
TAO/CIAO/examples/BasicSP/BMDevice/BMDevice_stub_gen
TAO/CIAO/examples/BasicSP/BMDevice/BMDevice_stub
TAO/CIAO/examples/BasicSP/BMDevice/BMDevice_exec
TAO/CIAO/examples/BasicSP/BMDevice/BMDevice_svnt
TAO/CIAO/examples/BasicSP/BMDisplay/BMDisplay_lem_gen
TAO/CIAO/examples/BasicSP/BMDisplay/BMDisplay_stub_gen
TAO/CIAO/examples/BasicSP/BMDisplay/BMDisplay_stub
TAO/CIAO/examples/BasicSP/BMDisplay/BMDisplay_exec
TAO/CIAO/examples/BasicSP/BMDisplay/BMDisplay_svnt
TAO/CIAO/examples/BasicSP/EC/EC_stub_gen
TAO/CIAO/examples/BasicSP/EC/EC_stub
TAO/CIAO/examples/BasicSP/EC/EC_client
TAO/CIAO/examples/BasicSP/EC/EC_controller
TAO/CIAO/examples/BasicSP/EC/EC_lem_gen
TAO/CIAO/examples/BasicSP/EC/EC_exec
TAO/CIAO/examples/BasicSP/EC/EC_svnt
TAO/CIAO/examples/Display/Display_Base/Display_Base_idl_gen
TAO/CIAO/examples/Display/Display_Base/Display_Base_stub
TAO/CIAO/examples/Display/Display_Base/Display_Base_skel
TAO/CIAO/examples/Display/GPS/Display_GPS_idl_gen
TAO/CIAO/examples/Display/GPS/Display_GPS_cidl_gen
TAO/CIAO/examples/Display/GPS/Display_GPS_stub
TAO/CIAO/examples/Display/GPS/Display_GPS_exec
TAO/CIAO/examples/Display/GPS/Display_GPS_svnt
TAO/CIAO/examples/Display/NavDisplay/Display_NavDisplay_idl_gen
TAO/CIAO/examples/Display/NavDisplay/Display_NavDisplay_cidl_gen
TAO/CIAO/examples/Display/NavDisplay/Display_NavDisplay_stub
TAO/CIAO/examples/Display/NavDisplay/Display_NavDisplay_exec
TAO/CIAO/examples/Display/NavDisplay/Display_NavDisplay_svnt
TAO/CIAO/examples/Display/NavDisplayGUI_exec/Display_NavDisplayGUI_exec
TAO/CIAO/examples/Display/NavDisplayGUI_exec/Display_NavDisplayGUI_svnt
TAO/CIAO/examples/Display/RateGen/Display_RateGen_idl_gen
TAO/CIAO/examples/Display/RateGen/Display_RateGen_cidl_gen
TAO/CIAO/examples/Display/RateGen/Display_RateGen_stub
TAO/CIAO/examples/Display/RateGen/Display_RateGen_exec
TAO/CIAO/examples/Display/RateGen/Display_RateGen_svnt
TAO/CIAO/examples/Display/RateGen/Display_controller
TAO/CIAO/examples/Hello/Hello_Base/Hello_Base_idl_gen
TAO/CIAO/examples/Hello/Hello_Base/Hello_Base_stub
TAO/CIAO/examples/Hello/Hello_Base/Hello_Base_skel
TAO/CIAO/examples/Hello/Receiver/Hello_Receiver_idl_gen
TAO/CIAO/examples/Hello/Receiver/Hello_Receiver_cidl_gen
TAO/CIAO/examples/Hello/Receiver/Hello_Receiver_stub
TAO/CIAO/examples/Hello/Receiver/Hello_Receiver_exec
TAO/CIAO/examples/Hello/Receiver/Hello_Receiver_svnt
TAO/CIAO/examples/Hello/Sender/Hello_Sender_idl_gen
TAO/CIAO/examples/Hello/Sender/Hello_Sender_cidl_gen
TAO/CIAO/examples/Hello/Sender/Hello_Sender_stub
TAO/CIAO/examples/Hello/Sender/Hello_Sender_exec
TAO/CIAO/examples/Hello/Sender/Hello_Sender_svnt
TAO/CIAO/examples/Hello/Sender/Hello_starter
TAO/CIAO/examples/Null_Component/Null_Interface_idl_gen
TAO/CIAO/examples/Null_Component/Null_Interface_stub
TAO/CIAO/examples/Null_Component/Null_Interface_skel
TAO/CIAO/examples/Null_Component/Null_Component_idl_gen
TAO/CIAO/examples/Null_Component/Null_Component_cidl_gen
TAO/CIAO/examples/Null_Component/Null_Component_stub
TAO/CIAO/examples/Null_Component/Null_Component_exec
TAO/CIAO/examples/Null_Component/Null_Component_svnt
TAO/CIAO/examples/Null_Component/Null_Component_StaticDAnCEApp
TAO/CIAO/examples/Swapping/Hello_Base/Swapping_Hello_Base_idl_gen
TAO/CIAO/examples/Swapping/Hello_Base/Swapping_Hello_Base_stub
TAO/CIAO/examples/Swapping/Hello_Base/Swapping_Hello_Base_skel
TAO/CIAO/examples/Swapping/Receiver/Swapping_Hello_Receiver_idl_gen
TAO/CIAO/examples/Swapping/Receiver/Swapping_Hello_Receiver_cidl_gen
TAO/CIAO/examples/Swapping/Receiver/Swapping_Hello_Receiver_stub
TAO/CIAO/examples/Swapping/Receiver/Swapping_Hello_Receiver_exec
TAO/CIAO/examples/Swapping/Receiver/Swapping_Hello_Receiver_svnt
TAO/CIAO/examples/Swapping/Sender/Swapping_Hello_Sender_idl_gen
TAO/CIAO/examples/Swapping/Sender/Swapping_Hello_Sender_cidl_gen
TAO/CIAO/examples/Swapping/Sender/Swapping_Hello_Sender_stub
TAO/CIAO/examples/Swapping/Sender/Swapping_Hello_Sender_exec
TAO/CIAO/examples/Swapping/Sender/Swapping_Hello_Sender_exec_1
TAO/CIAO/examples/Swapping/Sender/Swapping_Hello_Sender_exec_2
TAO/CIAO/examples/Swapping/Sender/Swapping_Hello_Sender_svnt
TAO/CIAO/examples/Swapping/Sender/Swapping_Hello_Starter
TAO/CIAO/performance-tests/Benchmark/Benchmark_idl_gen
TAO/CIAO/performance-tests/Benchmark/Benchmark_stub
TAO/CIAO/performance-tests/Benchmark/Benchmark_skel
TAO/CIAO/performance-tests/Benchmark/Benchmark_server
TAO/CIAO/performance-tests/Benchmark/RoundTripClient/Benchmark_RoundTripClient_idl_gen
TAO/CIAO/performance-tests/Benchmark/RoundTripClient/Benchmark_RoundTripClient_cidl_gen
TAO/CIAO/performance-tests/Benchmark/RoundTripClient/Benchmark_RoundTripClient_stub
TAO/CIAO/performance-tests/Benchmark/RoundTripClient/Benchmark_RoundTripClient_exec
TAO/CIAO/performance-tests/Benchmark/RoundTripClient/Benchmark_RoundTripClient_svnt
TAO/CIAO/performance-tests/Benchmark/RoundTripClient/RoundTripClient_client
TAO/CIAO/performance-tests/Benchmark/Multi_Threaded/Multi_Threaded_client
TAO/CIAO/performance-tests/Benchmark/RoundTrip/Benchmark_RoundTrip_idl_gen
TAO/CIAO/performance-tests/Benchmark/RoundTrip/Benchmark_RoundTrip_cidl_gen
TAO/CIAO/performance-tests/Benchmark/RoundTrip/Benchmark_RoundTrip_stub
TAO/CIAO/performance-tests/Benchmark/RoundTrip/Benchmark_RoundTrip_exec
TAO/CIAO/performance-tests/Benchmark/RoundTrip/Benchmark_RoundTrip_svnt
TAO/CIAO/performance-tests/Benchmark/RoundTrip/RoundTrip_client
TAO/CIAO/performance-tests/Benchmark/RoundTripServer/RoundTrip_server
TAO/CIAO/performance-tests/Protocols/common/Protocols_idl_gen
TAO/CIAO/performance-tests/Protocols/common/Protocols_stub
TAO/CIAO/performance-tests/Protocols/common/Protocols_skel
TAO/CIAO/performance-tests/Protocols/Receiver/Protocols_Receiver_idl_gen
TAO/CIAO/performance-tests/Protocols/Receiver/Protocols_Receiver_cidl_gen
TAO/CIAO/performance-tests/Protocols/Receiver/Protocols_Receiver_stub
TAO/CIAO/performance-tests/Protocols/Receiver/Protocols_Receiver_exec
TAO/CIAO/performance-tests/Protocols/Receiver/Protocols_Receiver_svnt
TAO/CIAO/performance-tests/Protocols/Sender/Protocols_Sender_idl_gen
TAO/CIAO/performance-tests/Protocols/Sender/Protocols_Sender_cidl_gen
TAO/CIAO/performance-tests/Protocols/Sender/Protocols_Sender_stub
TAO/CIAO/performance-tests/Protocols/Sender/Protocols_Sender_exec
TAO/CIAO/performance-tests/Protocols/Sender/Protocols_Sender_svnt
TAO/CIAO/performance-tests/Protocols/Controller/Protocols_Controller
TAO/CIAO/tests/Bug_2130_Regression/interfaces/ENW_stub
TAO/CIAO/tests/Bug_2130_Regression/SEC_CheckPoint/TSEC_CheckPoint_stub
TAO/CIAO/tests/Bug_2130_Regression/SEC_CheckPoint/TSEC_CheckPoint_controller
TAO/CIAO/tests/Bug_2130_Regression/interfaces/ENW_skel
TAO/CIAO/tests/Bug_2130_Regression/SEC_CheckPoint/TSEC_CheckPoint_svnt
TAO/CIAO/tests/Bug_2130_Regression/SEC_CheckPoint/TSEC_CheckPoint_exec
TAO/CIAO/tests/CIDL/CodeGen/Basic_idl_gen
TAO/CIAO/tests/CIDL/CodeGen/Basic_stub
TAO/CIAO/tests/CIDL/CodeGen/Basic_skel
TAO/CIAO/tests/CIDL/CodeGen/Basic_CodeGen_idl_gen
TAO/CIAO/tests/CIDL/CodeGen/Basic_CodeGen_cidl_gen
TAO/CIAO/tests/CIDL/CodeGen/Basic_CodeGen_stub
TAO/CIAO/tests/CIDL/CodeGen/Basic_CodeGen_exec
TAO/CIAO/tests/CIDL/CodeGen/Basic_CodeGen_svnt
TAO/CIAO/tests/IDL3/Components/ComplexComponent/Attributes/Attributes_stub
TAO/CIAO/tests/IDL3/Components/ComplexComponent/EventSink/EventSink_stub
TAO/CIAO/tests/IDL3/Components/ComplexComponent/EventSource/EventSource_stub
TAO/CIAO/tests/IDL3/Components/ComplexComponent/Facets/Facets_stub
TAO/CIAO/tests/IDL3/Components/ComplexComponent/Receptacles/Receptacles_stub
TAO/CIAO/tests/IDL3/Components/SimpleComponent/SimpleComponent_stub
TAO/CIAO/tests/IDL3/Events/Abstract/Abstract_stub
TAO/CIAO/tests/IDL3/Events/Any/EventAny_local
TAO/CIAO/tests/IDL3/Events/Regular/Regular_stub
TAO/CIAO/tests/IDL3/Homes/Attributes/HomeAttributes_stub
TAO/CIAO/tests/IDL3/Homes/Basic/IDL3_Basic_stub
TAO/CIAO/tests/IDL3/Homes/Factory/Factory_stub
TAO/CIAO/tests/IDL3/Homes/Finder/Finder_stub
TAO/CIAO/tests/IDL3/Homes/Inheritance/Inheritance_stub
TAO/CIAO/tools/IDL3_to_IDL2/TAO_IDL3_TO_IDL2_BE
TAO/CIAO/tools/IDL3_to_IDL2/TAO_IDL3_TO_IDL2_EXE
TAO/CIAO/tests/IDL3/ImpliedIDL/All/ConvertIDL3
TAO/CIAO/tests/IDL3/ImpliedIDL/Components/Basic/ICBasic_stub
TAO/CIAO/tests/IDL3/ImpliedIDL/Components/EventSink/ICEventSink_stub
TAO/CIAO/tests/IDL3/ImpliedIDL/Components/EventSource/ICEventSource_stub
TAO/CIAO/tests/IDL3/ImpliedIDL/Components/Receptacles/ICReceptacles_stub
TAO/CIAO/tests/IDL3/ImpliedIDL/Events/Events_stub
TAO/CIAO/tests/IDL3/ImpliedIDL/Homes/Homes_stub
TAO/CIAO/tests/IDL3/Lookup/LookupTest_stub
TAO/CIAO/tests/Minimum/Minimum_Base/Minimum_Base_idl_gen
TAO/CIAO/tests/Minimum/Minimum_Base/Minimum_Base_stub
TAO/CIAO/tests/Minimum/Minimum_Base/Minimum_Base_skel
TAO/CIAO/tests/Minimum/Receiver/Minimum_Base_Receiver_idl_gen
TAO/CIAO/tests/Minimum/Receiver/Minimum_Base_Receiver_cidl_gen
TAO/CIAO/tests/Minimum/Receiver/Minimum_Base_Receiver_stub
TAO/CIAO/tests/Minimum/Receiver/Minimum_Base_Receiver_exec
TAO/CIAO/tests/Minimum/Receiver/Minimum_Base_Receiver_svnt
TAO/CIAO/tests/Minimum/Sender/Minimum_Base_Sender_idl_gen
TAO/CIAO/tests/Minimum/Sender/Minimum_Base_Sender_cidl_gen
TAO/CIAO/tests/Minimum/Sender/Minimum_Base_Sender_stub
TAO/CIAO/tests/Minimum/Sender/Minimum_Base_Sender_exec
TAO/CIAO/tests/Minimum/Sender/Minimum_Base_Sender_svnt
TAO/CIAO/tools/Config_Handlers/CIAO_Events/CIAO_Events_Handlers_Tests
TAO/CIAO/tools/Config_Handlers/XSC_Config_Handlers_Tests
TAO/CIAO/tools/Config_Handlers/Package_Handlers/Package_Config_Handlers_Tests
